<?xml version="1.0" encoding="UTF-8"?>
<!-- Generated by org.testng.reporters.JUnitXMLReporter -->
<testsuite ignored="6" hostname="prasad-PC" failures="0" tests="3" name="Test1" time="58.399" errors="0" timestamp="2021-12-15T11:43:06 IST">
  <testcase classname="TestClass.Kite_App_Test3" name="validateUserNameMsg" time="3.15"/>
  <testcase classname="TestClass.Kite_App_Test2" name="validatePasswordErrorMsg" time="2.113"/>
  <testcase classname="TestClass.Kite_App_Test1" name="ValidateUserID" time="5.386"/>
  <testcase classname="TestClass.Kite_App_Test2" name="ValidateUserID" time="0.0">
    <ignored/>
  </testcase> <!-- ValidateUserID -->
  <testcase classname="TestClass.Kite_App_Test2" name="validateErrorMsg" time="0.0">
    <ignored/>
  </testcase> <!-- validateErrorMsg -->
  <testcase classname="TestClass.Kite_App_Test3" name="validatePasswordErrorMsg" time="0.0">
    <ignored/>
  </testcase> <!-- validatePasswordErrorMsg -->
  <testcase classname="TestClass.Kite_App_Test3" name="ValidateUserID" time="0.0">
    <ignored/>
  </testcase> <!-- ValidateUserID -->
  <testcase classname="TestClass.Kite_App_Test3" name="validateErrorMsg" time="0.0">
    <ignored/>
  </testcase> <!-- validateErrorMsg -->
  <testcase classname="TestClass.Kite_App_Test1" name="validateUserIDErrorMsg" time="0.0">
    <ignored/>
  </testcase> <!-- validateUserIDErrorMsg -->
</testsuite> <!-- Test1 -->
