<?xml version="1.0" encoding="UTF-8"?>
<!-- Generated by org.testng.reporters.JUnitXMLReporter -->
<testsuite ignored="6" hostname="prasad-PC" failures="0" tests="3" name="Test2" time="68.547" errors="0" timestamp="2021-12-15T11:44:15 IST">
  <testcase classname="TestClass.Kite_App_Test3" name="validateUserNameMsg" time="3.13"/>
  <testcase classname="TestClass.Kite_App_Test2" name="validatePasswordErrorMsg" time="2.048"/>
  <testcase classname="TestClass.Kite_App_Test1" name="ValidateUserID" time="3.16"/>
  <testcase classname="TestClass.Kite_App_Test2" name="ValidateUserID" time="0.0">
    <ignored/>
  </testcase> <!-- ValidateUserID -->
  <testcase classname="TestClass.Kite_App_Test2" name="validateErrorMsg" time="0.0">
    <ignored/>
  </testcase> <!-- validateErrorMsg -->
  <testcase classname="TestClass.Kite_App_Test3" name="validatePasswordErrorMsg" time="0.0">
    <ignored/>
  </testcase> <!-- validatePasswordErrorMsg -->
  <testcase classname="TestClass.Kite_App_Test3" name="ValidateUserID" time="0.0">
    <ignored/>
  </testcase> <!-- ValidateUserID -->
  <testcase classname="TestClass.Kite_App_Test3" name="validateErrorMsg" time="0.0">
    <ignored/>
  </testcase> <!-- validateErrorMsg -->
  <testcase classname="TestClass.Kite_App_Test1" name="validateUserIDErrorMsg" time="0.0">
    <ignored/>
  </testcase> <!-- validateUserIDErrorMsg -->
</testsuite> <!-- Test2 -->
